<?xml version="1.0" encoding="UTF-8"?>
<!-- Generated by org.testng.reporters.JUnitXMLReporter -->
<testsuite ignored="2" hostname="LAPTOP-I7D2KG2L" failures="0" tests="1" name="Default test" time="3.15" errors="0" timestamp="2026-04-29T22:38:41 IST">
  <testcase classname="com.kpmg.test.Demo1GetPathParameter" name="findValidPetById" time="3.114"/>
  <testcase classname="com.kpmg.test.Demo1GetPathParameter" name="findinvalidPetById" time="0.0">
    <ignored/>
  </testcase> <!-- findinvalidPetById -->
  <testcase classname="com.kpmg.test.Demo1GetPathParameter" name="findValidPetById2" time="0.0">
    <ignored/>
  </testcase> <!-- findValidPetById2 -->
</testsuite> <!-- Default test -->
