<?xml version="1.0" encoding="UTF-8"?>
<testng-results ignored="0" total="1" passed="1" failed="0" skipped="0">
  <reporter-output>
  </reporter-output>
  <suite started-at="2026-06-08T15:50:38 IST" name="Default suite" finished-at="2026-06-08T15:50:51 IST" duration-ms="12272">
    <groups>
    </groups>
    <test started-at="2026-06-08T15:50:38 IST" name="Default test" finished-at="2026-06-08T15:50:51 IST" duration-ms="12272">
      <class name="com.kpmg.test.Demo7PostFromJson">
        <test-method signature="addValidPetFromJSonTest()[pri:0, instance:com.kpmg.test.Demo7PostFromJson@7ce69770]" started-at="2026-06-08T15:50:38 IST" name="addValidPetFromJSonTest" finished-at="2026-06-08T15:50:51 IST" duration-ms="12230" status="PASS">
          <reporter-output>
          </reporter-output>
        </test-method> <!-- addValidPetFromJSonTest -->
      </class> <!-- com.kpmg.test.Demo7PostFromJson -->
    </test> <!-- Default test -->
  </suite> <!-- Default suite -->
</testng-results>
